<?xml version="1.0" encoding="UTF-8"?>
<!-- Generated by org.testng.reporters.JUnitReportReporter -->
<testsuite skipped="0" hostname="DESKTOP-KJ190CR" name="org.test.SampleProject" tests="1" failures="0" timestamp="04 Nov 2022 11:51:02 GMT" time="0.034" errors="0">
  <testcase name="TestA1" time="0.034" classname="org.test.SampleProject"/>
</testsuite> <!-- org.test.SampleProject -->
